<?xml version="1.0" encoding="UTF-8"?>
<!-- Generated by org.testng.reporters.JUnitReportReporter -->
<testsuite hostname="DESKTOP-5E55G4M" name="mil.dtic.selenium.RunTest" tests="1" failures="0" timestamp="14 Jun 2020 16:05:30 GMT" time="49.563" errors="0">
  <testcase name="readExcel" time="49.563" classname="mil.dtic.selenium.RunTest"/>
</testsuite> <!-- mil.dtic.selenium.RunTest -->
